c:\egyetem\munka\magic\magic\x64\debug\vc143.pdb
c:\egyetem\munka\magic\magic\x64\debug\vc143.idb
c:\egyetem\munka\magic\magic\x64\debug\strhandler.obj
c:\egyetem\munka\magic\magic\x64\debug\inputhandler.obj
c:\egyetem\munka\magic\magic\x64\debug\source.obj
c:\egyetem\munka\magic\magic\x64\debug\additional.obj
c:\egyetem\munka\magic\magic\x64\debug\smily.obj
c:\egyetem\munka\magic\magic\x64\debug\cards..obj
c:\egyetem\munka\magic\x64\debug\magic.exe
c:\egyetem\munka\magic\x64\debug\magic.pdb
c:\egyetem\munka\magic\magic\x64\debug\magic.ilk
c:\egyetem\munka\magic\magic\x64\debug\texthandler.obj
c:\egyetem\munka\magic\magic\x64\debug\magic.tlog\cl.command.1.tlog
c:\egyetem\munka\magic\magic\x64\debug\magic.tlog\cl.items.tlog
c:\egyetem\munka\magic\magic\x64\debug\magic.tlog\cl.read.1.tlog
c:\egyetem\munka\magic\magic\x64\debug\magic.tlog\cl.write.1.tlog
c:\egyetem\munka\magic\magic\x64\debug\magic.tlog\link.command.1.tlog
c:\egyetem\munka\magic\magic\x64\debug\magic.tlog\link.read.1.tlog
c:\egyetem\munka\magic\magic\x64\debug\magic.tlog\link.secondary.1.tlog
c:\egyetem\munka\magic\magic\x64\debug\magic.tlog\link.write.1.tlog
